<?xml version="1.0" encoding="UTF-8"?>
<!-- Generated by org.testng.reporters.JUnitXMLReporter -->
<testsuite ignored="0" hostname="LTIN203675" failures="0" tests="6" name="Test1" time="186.445" errors="0" timestamp="2024-03-19T10:58:53 IST">
  <testcase classname="test_Book.BaseClass" name="VerifyWebsite" time="20.657"/>
  <testcase classname="test_Book.BaseClass" name="displayBookShelves" time="38.794"/>
  <testcase classname="test_Book.BaseClass" name="ByAtHome" time="23.216"/>
  <testcase classname="test_Book.BaseClass" name="giftCard" time="13.219"/>
  <testcase classname="test_Book.BaseClass" name="giftCardformNegative" time="17.397"/>
  <testcase classname="test_Book.BaseClass" name="giftCardformPositive" time="11.104"/>
</testsuite> <!-- Test1 -->
