<?xml version="1.0" encoding="UTF-8"?>
<!-- Generated by org.testng.reporters.JUnitXMLReporter -->
<testsuite ignored="0" hostname="LTIN203675" failures="0" tests="6" name="Test1" time="34.178" errors="0" timestamp="2024-03-18T21:33:56 IST">
  <testcase classname="test_Book.BaseClass" name="@BeforeTest setup_Browser" time="32.991">
    <failure type="io.github.bonigarcia.wdm.config.WebDriverManagerException" message="java.lang.NumberFormatException: For input string: &amp;quot;public&amp;quot;">
      <![CDATA[io.github.bonigarcia.wdm.config.WebDriverManagerException: java.lang.NumberFormatException: For input string: "public"
at io.github.bonigarcia.wdm.WebDriverManager.handleException(WebDriverManager.java:1445)
at io.github.bonigarcia.wdm.WebDriverManager.manage(WebDriverManager.java:1205)
at io.github.bonigarcia.wdm.WebDriverManager.fallback(WebDriverManager.java:1461)
at io.github.bonigarcia.wdm.WebDriverManager.handleException(WebDriverManager.java:1442)
at io.github.bonigarcia.wdm.WebDriverManager.manage(WebDriverManager.java:1205)
at io.github.bonigarcia.wdm.WebDriverManager.handleException(WebDriverManager.java:1435)
at io.github.bonigarcia.wdm.WebDriverManager.manage(WebDriverManager.java:1205)
at io.github.bonigarcia.wdm.WebDriverManager.setup(WebDriverManager.java:427)
at test_Book.BaseClass.setup_Browser(BaseClass.java:32)
Caused by: java.lang.NumberFormatException: For input string: "public"
at java.base/java.lang.NumberFormatException.forInputString(NumberFormatException.java:67)
at java.base/java.lang.Integer.parseInt(Integer.java:668)
at java.base/java.lang.Integer.parseInt(Integer.java:786)
at io.github.bonigarcia.wdm.managers.ChromeDriverManager.buildUrl(ChromeDriverManager.java:178)
at io.github.bonigarcia.wdm.managers.ChromeDriverManager.buildUrl(ChromeDriverManager.java:155)
at io.github.bonigarcia.wdm.WebDriverManager.download(WebDriverManager.java:1282)
at io.github.bonigarcia.wdm.WebDriverManager.manage(WebDriverManager.java:1199)
... 35 more
... Removed 28 stack frames]]>
    </failure>
  </testcase> <!-- @BeforeTest setup_Browser -->
  <testcase classname="test_Book.BaseClass" name="@AfterTest close_Browser" time="0.0">
    <skipped/>
  </testcase> <!-- @AfterTest close_Browser -->
  <testcase classname="test_Book.BaseClass" name="VerifyWebsite" time="0.001">
    <skipped/>
  </testcase> <!-- VerifyWebsite -->
  <testcase classname="test_Book.BaseClass" name="displayBookShelves" time="0.0">
    <skipped/>
  </testcase> <!-- displayBookShelves -->
  <testcase classname="test_Book.BaseClass" name="ByAtHome" time="0.0">
    <skipped/>
  </testcase> <!-- ByAtHome -->
  <testcase classname="test_Book.BaseClass" name="giftCard" time="0.0">
    <skipped/>
  </testcase> <!-- giftCard -->
  <testcase classname="test_Book.BaseClass" name="giftCardformNegative" time="0.0">
    <skipped/>
  </testcase> <!-- giftCardformNegative -->
  <testcase classname="test_Book.BaseClass" name="giftCardformPositive" time="0.0">
    <skipped/>
  </testcase> <!-- giftCardformPositive -->
</testsuite> <!-- Test1 -->
