<?xml version="1.0" encoding="UTF-8"?>
<testng-results ignored="0" total="12" passed="12" failed="0" skipped="0">
  <reporter-output>
  </reporter-output>
  <suite started-at="2024-03-19T10:55:46 IST" name="Suite" finished-at="2024-03-19T11:02:56 IST" duration-ms="429690">
    <groups>
      <group name="Sanity">
        <method signature="BaseClass.VerifyWebsite()[pri:1, instance:test_Book.BaseClass@6b81ce95]" name="VerifyWebsite" class="test_Book.BaseClass"/>
        <method signature="BaseClass.displayBookShelves()[pri:2, instance:test_Book.BaseClass@6b81ce95]" name="displayBookShelves" class="test_Book.BaseClass"/>
        <method signature="BaseClass.ByAtHome()[pri:3, instance:test_Book.BaseClass@6b81ce95]" name="ByAtHome" class="test_Book.BaseClass"/>
        <method signature="BaseClass.giftCard()[pri:4, instance:test_Book.BaseClass@6b81ce95]" name="giftCard" class="test_Book.BaseClass"/>
        <method signature="BaseClass.giftCardformNegative()[pri:5, instance:test_Book.BaseClass@6b81ce95]" name="giftCardformNegative" class="test_Book.BaseClass"/>
        <method signature="BaseClass.giftCardformPositive()[pri:6, instance:test_Book.BaseClass@6b81ce95]" name="giftCardformPositive" class="test_Book.BaseClass"/>
        <method signature="BaseClass.VerifyWebsite()[pri:1, instance:test_Book.BaseClass@3349e9bb]" name="VerifyWebsite" class="test_Book.BaseClass"/>
        <method signature="BaseClass.displayBookShelves()[pri:2, instance:test_Book.BaseClass@3349e9bb]" name="displayBookShelves" class="test_Book.BaseClass"/>
        <method signature="BaseClass.ByAtHome()[pri:3, instance:test_Book.BaseClass@3349e9bb]" name="ByAtHome" class="test_Book.BaseClass"/>
        <method signature="BaseClass.giftCard()[pri:4, instance:test_Book.BaseClass@3349e9bb]" name="giftCard" class="test_Book.BaseClass"/>
        <method signature="BaseClass.giftCardformNegative()[pri:5, instance:test_Book.BaseClass@3349e9bb]" name="giftCardformNegative" class="test_Book.BaseClass"/>
        <method signature="BaseClass.giftCardformPositive()[pri:6, instance:test_Book.BaseClass@3349e9bb]" name="giftCardformPositive" class="test_Book.BaseClass"/>
      </group> <!-- Sanity -->
      <group name="Regression">
        <method signature="BaseClass.displayBookShelves()[pri:2, instance:test_Book.BaseClass@6b81ce95]" name="displayBookShelves" class="test_Book.BaseClass"/>
        <method signature="BaseClass.ByAtHome()[pri:3, instance:test_Book.BaseClass@6b81ce95]" name="ByAtHome" class="test_Book.BaseClass"/>
        <method signature="BaseClass.giftCardformNegative()[pri:5, instance:test_Book.BaseClass@6b81ce95]" name="giftCardformNegative" class="test_Book.BaseClass"/>
        <method signature="BaseClass.giftCardformPositive()[pri:6, instance:test_Book.BaseClass@6b81ce95]" name="giftCardformPositive" class="test_Book.BaseClass"/>
        <method signature="BaseClass.displayBookShelves()[pri:2, instance:test_Book.BaseClass@3349e9bb]" name="displayBookShelves" class="test_Book.BaseClass"/>
        <method signature="BaseClass.ByAtHome()[pri:3, instance:test_Book.BaseClass@3349e9bb]" name="ByAtHome" class="test_Book.BaseClass"/>
        <method signature="BaseClass.giftCardformNegative()[pri:5, instance:test_Book.BaseClass@3349e9bb]" name="giftCardformNegative" class="test_Book.BaseClass"/>
        <method signature="BaseClass.giftCardformPositive()[pri:6, instance:test_Book.BaseClass@3349e9bb]" name="giftCardformPositive" class="test_Book.BaseClass"/>
      </group> <!-- Regression -->
    </groups>
    <test started-at="2024-03-19T10:55:46 IST" name="Test1" finished-at="2024-03-19T10:58:53 IST" duration-ms="186445">
      <class name="test_Book.BaseClass">
        <test-method is-config="true" signature="setup_Browser(java.lang.String,java.lang.String)[pri:0, instance:test_Book.BaseClass@6b81ce95]" started-at="2024-03-19T10:55:47 IST" name="setup_Browser" finished-at="2024-03-19T10:56:41 IST" duration-ms="54218" status="PASS">
          <params>
            <param index="0">
              <value>
                <![CDATA[chrome]]>
              </value>
            </param>
            <param index="1">
              <value>
                <![CDATA[https://www.urbanladder.com/]]>
              </value>
            </param>
          </params>
          <reporter-output>
          </reporter-output>
        </test-method> <!-- setup_Browser -->
        <test-method signature="VerifyWebsite()[pri:1, instance:test_Book.BaseClass@6b81ce95]" started-at="2024-03-19T10:56:41 IST" name="VerifyWebsite" finished-at="2024-03-19T10:57:02 IST" duration-ms="20657" status="PASS">
          <reporter-output>
          </reporter-output>
        </test-method> <!-- VerifyWebsite -->
        <test-method signature="displayBookShelves()[pri:2, instance:test_Book.BaseClass@6b81ce95]" started-at="2024-03-19T10:57:02 IST" name="displayBookShelves" finished-at="2024-03-19T10:57:41 IST" duration-ms="38794" status="PASS">
          <reporter-output>
          </reporter-output>
        </test-method> <!-- displayBookShelves -->
        <test-method signature="ByAtHome()[pri:3, instance:test_Book.BaseClass@6b81ce95]" started-at="2024-03-19T10:57:41 IST" name="ByAtHome" finished-at="2024-03-19T10:58:05 IST" duration-ms="23216" status="PASS">
          <reporter-output>
          </reporter-output>
        </test-method> <!-- ByAtHome -->
        <test-method signature="giftCard()[pri:4, instance:test_Book.BaseClass@6b81ce95]" started-at="2024-03-19T10:58:05 IST" name="giftCard" finished-at="2024-03-19T10:58:18 IST" duration-ms="13219" status="PASS">
          <reporter-output>
          </reporter-output>
        </test-method> <!-- giftCard -->
        <test-method signature="giftCardformNegative()[pri:5, instance:test_Book.BaseClass@6b81ce95]" started-at="2024-03-19T10:58:18 IST" name="giftCardformNegative" finished-at="2024-03-19T10:58:36 IST" duration-ms="17397" status="PASS">
          <reporter-output>
          </reporter-output>
        </test-method> <!-- giftCardformNegative -->
        <test-method signature="giftCardformPositive()[pri:6, instance:test_Book.BaseClass@6b81ce95]" started-at="2024-03-19T10:58:36 IST" name="giftCardformPositive" finished-at="2024-03-19T10:58:47 IST" duration-ms="11104" status="PASS">
          <reporter-output>
          </reporter-output>
        </test-method> <!-- giftCardformPositive -->
        <test-method is-config="true" signature="close_Browser()[pri:0, instance:test_Book.BaseClass@6b81ce95]" started-at="2024-03-19T10:58:48 IST" name="close_Browser" finished-at="2024-03-19T10:58:53 IST" duration-ms="5078" status="PASS">
          <reporter-output>
          </reporter-output>
        </test-method> <!-- close_Browser -->
      </class> <!-- test_Book.BaseClass -->
    </test> <!-- Test1 -->
    <test started-at="2024-03-19T10:59:08 IST" name="Test2" finished-at="2024-03-19T11:02:56 IST" duration-ms="228291">
      <class name="test_Book.BaseClass">
        <test-method is-config="true" signature="setup_Browser(java.lang.String,java.lang.String)[pri:0, instance:test_Book.BaseClass@3349e9bb]" started-at="2024-03-19T10:59:08 IST" name="setup_Browser" finished-at="2024-03-19T11:00:46 IST" duration-ms="98069" status="PASS">
          <params>
            <param index="0">
              <value>
                <![CDATA[edge]]>
              </value>
            </param>
            <param index="1">
              <value>
                <![CDATA[https://www.urbanladder.com/]]>
              </value>
            </param>
          </params>
          <reporter-output>
          </reporter-output>
        </test-method> <!-- setup_Browser -->
        <test-method signature="VerifyWebsite()[pri:1, instance:test_Book.BaseClass@3349e9bb]" started-at="2024-03-19T11:00:46 IST" name="VerifyWebsite" finished-at="2024-03-19T11:01:06 IST" duration-ms="20538" status="PASS">
          <reporter-output>
          </reporter-output>
        </test-method> <!-- VerifyWebsite -->
        <test-method signature="displayBookShelves()[pri:2, instance:test_Book.BaseClass@3349e9bb]" started-at="2024-03-19T11:01:07 IST" name="displayBookShelves" finished-at="2024-03-19T11:01:43 IST" duration-ms="36549" status="PASS">
          <reporter-output>
          </reporter-output>
        </test-method> <!-- displayBookShelves -->
        <test-method signature="ByAtHome()[pri:3, instance:test_Book.BaseClass@3349e9bb]" started-at="2024-03-19T11:01:44 IST" name="ByAtHome" finished-at="2024-03-19T11:02:07 IST" duration-ms="23200" status="PASS">
          <reporter-output>
          </reporter-output>
        </test-method> <!-- ByAtHome -->
        <test-method signature="giftCard()[pri:4, instance:test_Book.BaseClass@3349e9bb]" started-at="2024-03-19T11:02:07 IST" name="giftCard" finished-at="2024-03-19T11:02:20 IST" duration-ms="13499" status="PASS">
          <reporter-output>
          </reporter-output>
        </test-method> <!-- giftCard -->
        <test-method signature="giftCardformNegative()[pri:5, instance:test_Book.BaseClass@3349e9bb]" started-at="2024-03-19T11:02:21 IST" name="giftCardformNegative" finished-at="2024-03-19T11:02:38 IST" duration-ms="17571" status="PASS">
          <reporter-output>
          </reporter-output>
        </test-method> <!-- giftCardformNegative -->
        <test-method signature="giftCardformPositive()[pri:6, instance:test_Book.BaseClass@3349e9bb]" started-at="2024-03-19T11:02:39 IST" name="giftCardformPositive" finished-at="2024-03-19T11:02:50 IST" duration-ms="11193" status="PASS">
          <reporter-output>
          </reporter-output>
        </test-method> <!-- giftCardformPositive -->
        <test-method is-config="true" signature="close_Browser()[pri:0, instance:test_Book.BaseClass@3349e9bb]" started-at="2024-03-19T11:02:50 IST" name="close_Browser" finished-at="2024-03-19T11:02:56 IST" duration-ms="5705" status="PASS">
          <reporter-output>
          </reporter-output>
        </test-method> <!-- close_Browser -->
      </class> <!-- test_Book.BaseClass -->
    </test> <!-- Test2 -->
  </suite> <!-- Suite -->
</testng-results>
