<?xml version="1.0" encoding="UTF-8"?>
<testng-results ignored="0" total="12" passed="12" failed="0" skipped="0">
  <reporter-output>
  </reporter-output>
  <suite started-at="2024-03-19T14:14:33 IST" name="Suite" finished-at="2024-03-19T14:20:58 IST" duration-ms="385132">
    <groups>
      <group name="Sanity">
        <method signature="BaseClass.VerifyWebsite()[pri:1, instance:test_Book.BaseClass@5b218417]" name="VerifyWebsite" class="test_Book.BaseClass"/>
        <method signature="BaseClass.displayBookShelves()[pri:2, instance:test_Book.BaseClass@5b218417]" name="displayBookShelves" class="test_Book.BaseClass"/>
        <method signature="BaseClass.ByAtHome()[pri:3, instance:test_Book.BaseClass@5b218417]" name="ByAtHome" class="test_Book.BaseClass"/>
        <method signature="BaseClass.giftCard()[pri:4, instance:test_Book.BaseClass@5b218417]" name="giftCard" class="test_Book.BaseClass"/>
        <method signature="BaseClass.giftCardformNegative()[pri:5, instance:test_Book.BaseClass@5b218417]" name="giftCardformNegative" class="test_Book.BaseClass"/>
        <method signature="BaseClass.giftCardformPositive()[pri:6, instance:test_Book.BaseClass@5b218417]" name="giftCardformPositive" class="test_Book.BaseClass"/>
        <method signature="BaseClass.VerifyWebsite()[pri:1, instance:test_Book.BaseClass@c430e6c]" name="VerifyWebsite" class="test_Book.BaseClass"/>
        <method signature="BaseClass.displayBookShelves()[pri:2, instance:test_Book.BaseClass@c430e6c]" name="displayBookShelves" class="test_Book.BaseClass"/>
        <method signature="BaseClass.ByAtHome()[pri:3, instance:test_Book.BaseClass@c430e6c]" name="ByAtHome" class="test_Book.BaseClass"/>
        <method signature="BaseClass.giftCard()[pri:4, instance:test_Book.BaseClass@c430e6c]" name="giftCard" class="test_Book.BaseClass"/>
        <method signature="BaseClass.giftCardformNegative()[pri:5, instance:test_Book.BaseClass@c430e6c]" name="giftCardformNegative" class="test_Book.BaseClass"/>
        <method signature="BaseClass.giftCardformPositive()[pri:6, instance:test_Book.BaseClass@c430e6c]" name="giftCardformPositive" class="test_Book.BaseClass"/>
      </group> <!-- Sanity -->
      <group name="Regression">
        <method signature="BaseClass.displayBookShelves()[pri:2, instance:test_Book.BaseClass@5b218417]" name="displayBookShelves" class="test_Book.BaseClass"/>
        <method signature="BaseClass.ByAtHome()[pri:3, instance:test_Book.BaseClass@5b218417]" name="ByAtHome" class="test_Book.BaseClass"/>
        <method signature="BaseClass.giftCardformNegative()[pri:5, instance:test_Book.BaseClass@5b218417]" name="giftCardformNegative" class="test_Book.BaseClass"/>
        <method signature="BaseClass.giftCardformPositive()[pri:6, instance:test_Book.BaseClass@5b218417]" name="giftCardformPositive" class="test_Book.BaseClass"/>
        <method signature="BaseClass.displayBookShelves()[pri:2, instance:test_Book.BaseClass@c430e6c]" name="displayBookShelves" class="test_Book.BaseClass"/>
        <method signature="BaseClass.ByAtHome()[pri:3, instance:test_Book.BaseClass@c430e6c]" name="ByAtHome" class="test_Book.BaseClass"/>
        <method signature="BaseClass.giftCardformNegative()[pri:5, instance:test_Book.BaseClass@c430e6c]" name="giftCardformNegative" class="test_Book.BaseClass"/>
        <method signature="BaseClass.giftCardformPositive()[pri:6, instance:test_Book.BaseClass@c430e6c]" name="giftCardformPositive" class="test_Book.BaseClass"/>
      </group> <!-- Regression -->
    </groups>
    <test started-at="2024-03-19T14:14:33 IST" name="Test1" finished-at="2024-03-19T14:17:53 IST" duration-ms="200018">
      <class name="test_Book.BaseClass">
        <test-method is-config="true" signature="setup_Browser(java.lang.String,java.lang.String)[pri:0, instance:test_Book.BaseClass@5b218417]" started-at="2024-03-19T14:14:34 IST" name="setup_Browser" finished-at="2024-03-19T14:14:55 IST" duration-ms="21537" status="PASS">
          <params>
            <param index="0">
              <value>
                <![CDATA[chrome]]>
              </value>
            </param>
            <param index="1">
              <value>
                <![CDATA[https://www.urbanladder.com/]]>
              </value>
            </param>
          </params>
          <reporter-output>
          </reporter-output>
        </test-method> <!-- setup_Browser -->
        <test-method signature="VerifyWebsite()[pri:1, instance:test_Book.BaseClass@5b218417]" started-at="2024-03-19T14:14:56 IST" name="VerifyWebsite" finished-at="2024-03-19T14:15:16 IST" duration-ms="20746" status="PASS">
          <reporter-output>
          </reporter-output>
        </test-method> <!-- VerifyWebsite -->
        <test-method signature="displayBookShelves()[pri:2, instance:test_Book.BaseClass@5b218417]" started-at="2024-03-19T14:15:17 IST" name="displayBookShelves" finished-at="2024-03-19T14:16:01 IST" duration-ms="43955" status="PASS">
          <reporter-output>
          </reporter-output>
        </test-method> <!-- displayBookShelves -->
        <test-method signature="ByAtHome()[pri:3, instance:test_Book.BaseClass@5b218417]" started-at="2024-03-19T14:16:01 IST" name="ByAtHome" finished-at="2024-03-19T14:16:25 IST" duration-ms="23905" status="PASS">
          <reporter-output>
          </reporter-output>
        </test-method> <!-- ByAtHome -->
        <test-method signature="giftCard()[pri:4, instance:test_Book.BaseClass@5b218417]" started-at="2024-03-19T14:16:25 IST" name="giftCard" finished-at="2024-03-19T14:17:10 IST" duration-ms="44232" status="PASS">
          <reporter-output>
          </reporter-output>
        </test-method> <!-- giftCard -->
        <test-method signature="giftCardformNegative()[pri:5, instance:test_Book.BaseClass@5b218417]" started-at="2024-03-19T14:17:10 IST" name="giftCardformNegative" finished-at="2024-03-19T14:17:30 IST" duration-ms="19919" status="PASS">
          <reporter-output>
          </reporter-output>
        </test-method> <!-- giftCardformNegative -->
        <test-method signature="giftCardformPositive()[pri:6, instance:test_Book.BaseClass@5b218417]" started-at="2024-03-19T14:17:30 IST" name="giftCardformPositive" finished-at="2024-03-19T14:17:42 IST" duration-ms="11680" status="PASS">
          <reporter-output>
          </reporter-output>
        </test-method> <!-- giftCardformPositive -->
        <test-method is-config="true" signature="close_Browser()[pri:0, instance:test_Book.BaseClass@5b218417]" started-at="2024-03-19T14:17:43 IST" name="close_Browser" finished-at="2024-03-19T14:17:53 IST" duration-ms="10407" status="PASS">
          <reporter-output>
          </reporter-output>
        </test-method> <!-- close_Browser -->
      </class> <!-- test_Book.BaseClass -->
    </test> <!-- Test1 -->
    <test started-at="2024-03-19T14:18:03 IST" name="Test2" finished-at="2024-03-19T14:20:58 IST" duration-ms="175049">
      <class name="test_Book.BaseClass">
        <test-method is-config="true" signature="setup_Browser(java.lang.String,java.lang.String)[pri:0, instance:test_Book.BaseClass@c430e6c]" started-at="2024-03-19T14:18:03 IST" name="setup_Browser" finished-at="2024-03-19T14:18:18 IST" duration-ms="14714" status="PASS">
          <params>
            <param index="0">
              <value>
                <![CDATA[edge]]>
              </value>
            </param>
            <param index="1">
              <value>
                <![CDATA[https://www.urbanladder.com/]]>
              </value>
            </param>
          </params>
          <reporter-output>
          </reporter-output>
        </test-method> <!-- setup_Browser -->
        <test-method signature="VerifyWebsite()[pri:1, instance:test_Book.BaseClass@c430e6c]" started-at="2024-03-19T14:18:18 IST" name="VerifyWebsite" finished-at="2024-03-19T14:18:38 IST" duration-ms="20639" status="PASS">
          <reporter-output>
          </reporter-output>
        </test-method> <!-- VerifyWebsite -->
        <test-method signature="displayBookShelves()[pri:2, instance:test_Book.BaseClass@c430e6c]" started-at="2024-03-19T14:18:39 IST" name="displayBookShelves" finished-at="2024-03-19T14:19:19 IST" duration-ms="39527" status="PASS">
          <reporter-output>
          </reporter-output>
        </test-method> <!-- displayBookShelves -->
        <test-method signature="ByAtHome()[pri:3, instance:test_Book.BaseClass@c430e6c]" started-at="2024-03-19T14:19:19 IST" name="ByAtHome" finished-at="2024-03-19T14:19:43 IST" duration-ms="23836" status="PASS">
          <reporter-output>
          </reporter-output>
        </test-method> <!-- ByAtHome -->
        <test-method signature="giftCard()[pri:4, instance:test_Book.BaseClass@c430e6c]" started-at="2024-03-19T14:19:43 IST" name="giftCard" finished-at="2024-03-19T14:20:13 IST" duration-ms="29964" status="PASS">
          <reporter-output>
          </reporter-output>
        </test-method> <!-- giftCard -->
        <test-method signature="giftCardformNegative()[pri:5, instance:test_Book.BaseClass@c430e6c]" started-at="2024-03-19T14:20:13 IST" name="giftCardformNegative" finished-at="2024-03-19T14:20:34 IST" duration-ms="20139" status="PASS">
          <reporter-output>
          </reporter-output>
        </test-method> <!-- giftCardformNegative -->
        <test-method signature="giftCardformPositive()[pri:6, instance:test_Book.BaseClass@c430e6c]" started-at="2024-03-19T14:20:34 IST" name="giftCardformPositive" finished-at="2024-03-19T14:20:46 IST" duration-ms="11891" status="PASS">
          <reporter-output>
          </reporter-output>
        </test-method> <!-- giftCardformPositive -->
        <test-method is-config="true" signature="close_Browser()[pri:0, instance:test_Book.BaseClass@c430e6c]" started-at="2024-03-19T14:20:46 IST" name="close_Browser" finished-at="2024-03-19T14:20:58 IST" duration-ms="11612" status="PASS">
          <reporter-output>
          </reporter-output>
        </test-method> <!-- close_Browser -->
      </class> <!-- test_Book.BaseClass -->
    </test> <!-- Test2 -->
  </suite> <!-- Suite -->
</testng-results>
