<?xml version="1.0" encoding="UTF-8"?>
<testng-results ignored="0" total="12" passed="12" failed="0" skipped="0">
  <reporter-output>
  </reporter-output>
  <suite started-at="2024-03-07T10:16:46 IST" name="Suite" finished-at="2024-03-07T10:24:05 IST" duration-ms="438990">
    <groups>
      <group name="Sanity">
        <method signature="BaseClass.VerifyWebsite()[pri:1, instance:test_Book.BaseClass@5b218417]" name="VerifyWebsite" class="test_Book.BaseClass"/>
        <method signature="BaseClass.displayBookShelves()[pri:2, instance:test_Book.BaseClass@5b218417]" name="displayBookShelves" class="test_Book.BaseClass"/>
        <method signature="BaseClass.ByAtHome()[pri:3, instance:test_Book.BaseClass@5b218417]" name="ByAtHome" class="test_Book.BaseClass"/>
        <method signature="BaseClass.giftCard()[pri:4, instance:test_Book.BaseClass@5b218417]" name="giftCard" class="test_Book.BaseClass"/>
        <method signature="BaseClass.giftCardformNegative()[pri:5, instance:test_Book.BaseClass@5b218417]" name="giftCardformNegative" class="test_Book.BaseClass"/>
        <method signature="BaseClass.giftCardformPositive()[pri:6, instance:test_Book.BaseClass@5b218417]" name="giftCardformPositive" class="test_Book.BaseClass"/>
        <method signature="BaseClass.VerifyWebsite()[pri:1, instance:test_Book.BaseClass@c430e6c]" name="VerifyWebsite" class="test_Book.BaseClass"/>
        <method signature="BaseClass.displayBookShelves()[pri:2, instance:test_Book.BaseClass@c430e6c]" name="displayBookShelves" class="test_Book.BaseClass"/>
        <method signature="BaseClass.ByAtHome()[pri:3, instance:test_Book.BaseClass@c430e6c]" name="ByAtHome" class="test_Book.BaseClass"/>
        <method signature="BaseClass.giftCard()[pri:4, instance:test_Book.BaseClass@c430e6c]" name="giftCard" class="test_Book.BaseClass"/>
        <method signature="BaseClass.giftCardformNegative()[pri:5, instance:test_Book.BaseClass@c430e6c]" name="giftCardformNegative" class="test_Book.BaseClass"/>
        <method signature="BaseClass.giftCardformPositive()[pri:6, instance:test_Book.BaseClass@c430e6c]" name="giftCardformPositive" class="test_Book.BaseClass"/>
      </group> <!-- Sanity -->
      <group name="Regression">
        <method signature="BaseClass.displayBookShelves()[pri:2, instance:test_Book.BaseClass@5b218417]" name="displayBookShelves" class="test_Book.BaseClass"/>
        <method signature="BaseClass.ByAtHome()[pri:3, instance:test_Book.BaseClass@5b218417]" name="ByAtHome" class="test_Book.BaseClass"/>
        <method signature="BaseClass.giftCardformNegative()[pri:5, instance:test_Book.BaseClass@5b218417]" name="giftCardformNegative" class="test_Book.BaseClass"/>
        <method signature="BaseClass.giftCardformPositive()[pri:6, instance:test_Book.BaseClass@5b218417]" name="giftCardformPositive" class="test_Book.BaseClass"/>
        <method signature="BaseClass.displayBookShelves()[pri:2, instance:test_Book.BaseClass@c430e6c]" name="displayBookShelves" class="test_Book.BaseClass"/>
        <method signature="BaseClass.ByAtHome()[pri:3, instance:test_Book.BaseClass@c430e6c]" name="ByAtHome" class="test_Book.BaseClass"/>
        <method signature="BaseClass.giftCardformNegative()[pri:5, instance:test_Book.BaseClass@c430e6c]" name="giftCardformNegative" class="test_Book.BaseClass"/>
        <method signature="BaseClass.giftCardformPositive()[pri:6, instance:test_Book.BaseClass@c430e6c]" name="giftCardformPositive" class="test_Book.BaseClass"/>
      </group> <!-- Regression -->
    </groups>
    <test started-at="2024-03-07T10:16:46 IST" name="Test1" finished-at="2024-03-07T10:19:57 IST" duration-ms="190814">
      <class name="test_Book.BaseClass">
        <test-method is-config="true" signature="setup_Browser(java.lang.String,java.lang.String)[pri:0, instance:test_Book.BaseClass@5b218417]" started-at="2024-03-07T10:16:47 IST" name="setup_Browser" finished-at="2024-03-07T10:17:02 IST" duration-ms="14549" status="PASS">
          <params>
            <param index="0">
              <value>
                <![CDATA[chrome]]>
              </value>
            </param>
            <param index="1">
              <value>
                <![CDATA[https://www.urbanladder.com/]]>
              </value>
            </param>
          </params>
          <reporter-output>
          </reporter-output>
        </test-method> <!-- setup_Browser -->
        <test-method signature="VerifyWebsite()[pri:1, instance:test_Book.BaseClass@5b218417]" started-at="2024-03-07T10:17:02 IST" name="VerifyWebsite" finished-at="2024-03-07T10:17:23 IST" duration-ms="21033" status="PASS">
          <reporter-output>
          </reporter-output>
        </test-method> <!-- VerifyWebsite -->
        <test-method signature="displayBookShelves()[pri:2, instance:test_Book.BaseClass@5b218417]" started-at="2024-03-07T10:17:24 IST" name="displayBookShelves" finished-at="2024-03-07T10:18:08 IST" duration-ms="44266" status="PASS">
          <reporter-output>
          </reporter-output>
        </test-method> <!-- displayBookShelves -->
        <test-method signature="ByAtHome()[pri:3, instance:test_Book.BaseClass@5b218417]" started-at="2024-03-07T10:18:08 IST" name="ByAtHome" finished-at="2024-03-07T10:18:33 IST" duration-ms="24161" status="PASS">
          <reporter-output>
          </reporter-output>
        </test-method> <!-- ByAtHome -->
        <test-method signature="giftCard()[pri:4, instance:test_Book.BaseClass@5b218417]" started-at="2024-03-07T10:18:33 IST" name="giftCard" finished-at="2024-03-07T10:19:19 IST" duration-ms="45864" status="PASS">
          <reporter-output>
          </reporter-output>
        </test-method> <!-- giftCard -->
        <test-method signature="giftCardformNegative()[pri:5, instance:test_Book.BaseClass@5b218417]" started-at="2024-03-07T10:19:20 IST" name="giftCardformNegative" finished-at="2024-03-07T10:19:36 IST" duration-ms="16087" status="PASS">
          <reporter-output>
          </reporter-output>
        </test-method> <!-- giftCardformNegative -->
        <test-method signature="giftCardformPositive()[pri:6, instance:test_Book.BaseClass@5b218417]" started-at="2024-03-07T10:19:36 IST" name="giftCardformPositive" finished-at="2024-03-07T10:19:48 IST" duration-ms="11960" status="PASS">
          <reporter-output>
          </reporter-output>
        </test-method> <!-- giftCardformPositive -->
        <test-method is-config="true" signature="close_Browser()[pri:0, instance:test_Book.BaseClass@5b218417]" started-at="2024-03-07T10:19:49 IST" name="close_Browser" finished-at="2024-03-07T10:19:57 IST" duration-ms="8239" status="PASS">
          <reporter-output>
          </reporter-output>
        </test-method> <!-- close_Browser -->
      </class> <!-- test_Book.BaseClass -->
    </test> <!-- Test1 -->
    <test started-at="2024-03-07T10:20:01 IST" name="Test2" finished-at="2024-03-07T10:24:05 IST" duration-ms="244714">
      <class name="test_Book.BaseClass">
        <test-method is-config="true" signature="setup_Browser(java.lang.String,java.lang.String)[pri:0, instance:test_Book.BaseClass@c430e6c]" started-at="2024-03-07T10:20:01 IST" name="setup_Browser" finished-at="2024-03-07T10:20:14 IST" duration-ms="13848" status="PASS">
          <params>
            <param index="0">
              <value>
                <![CDATA[edge]]>
              </value>
            </param>
            <param index="1">
              <value>
                <![CDATA[https://www.urbanladder.com/]]>
              </value>
            </param>
          </params>
          <reporter-output>
          </reporter-output>
        </test-method> <!-- setup_Browser -->
        <test-method signature="VerifyWebsite()[pri:1, instance:test_Book.BaseClass@c430e6c]" started-at="2024-03-07T10:20:14 IST" name="VerifyWebsite" finished-at="2024-03-07T10:20:36 IST" duration-ms="21608" status="PASS">
          <reporter-output>
          </reporter-output>
        </test-method> <!-- VerifyWebsite -->
        <test-method signature="displayBookShelves()[pri:2, instance:test_Book.BaseClass@c430e6c]" started-at="2024-03-07T10:20:37 IST" name="displayBookShelves" finished-at="2024-03-07T10:22:18 IST" duration-ms="101560" status="PASS">
          <reporter-output>
          </reporter-output>
        </test-method> <!-- displayBookShelves -->
        <test-method signature="ByAtHome()[pri:3, instance:test_Book.BaseClass@c430e6c]" started-at="2024-03-07T10:22:19 IST" name="ByAtHome" finished-at="2024-03-07T10:22:43 IST" duration-ms="23867" status="PASS">
          <reporter-output>
          </reporter-output>
        </test-method> <!-- ByAtHome -->
        <test-method signature="giftCard()[pri:4, instance:test_Book.BaseClass@c430e6c]" started-at="2024-03-07T10:22:43 IST" name="giftCard" finished-at="2024-03-07T10:23:31 IST" duration-ms="47958" status="PASS">
          <reporter-output>
          </reporter-output>
        </test-method> <!-- giftCard -->
        <test-method signature="giftCardformNegative()[pri:5, instance:test_Book.BaseClass@c430e6c]" started-at="2024-03-07T10:23:32 IST" name="giftCardformNegative" finished-at="2024-03-07T10:23:50 IST" duration-ms="17450" status="PASS">
          <reporter-output>
          </reporter-output>
        </test-method> <!-- giftCardformNegative -->
        <test-method signature="giftCardformPositive()[pri:6, instance:test_Book.BaseClass@c430e6c]" started-at="2024-03-07T10:23:50 IST" name="giftCardformPositive" finished-at="2024-03-07T10:24:02 IST" duration-ms="11750" status="PASS">
          <reporter-output>
          </reporter-output>
        </test-method> <!-- giftCardformPositive -->
        <test-method is-config="true" signature="close_Browser()[pri:0, instance:test_Book.BaseClass@c430e6c]" started-at="2024-03-07T10:24:03 IST" name="close_Browser" finished-at="2024-03-07T10:24:05 IST" duration-ms="2444" status="PASS">
          <reporter-output>
          </reporter-output>
        </test-method> <!-- close_Browser -->
      </class> <!-- test_Book.BaseClass -->
    </test> <!-- Test2 -->
  </suite> <!-- Suite -->
</testng-results>
